Determining if the function log exists failed with the following output:
Change Dir: /home/michael/Dropbox/CSCI2961/lab5/CMakeFiles/CMakeTmp

Run Build Command:/usr/bin/make "cmTryCompileExec2717785808/fast"
/usr/bin/make -f CMakeFiles/cmTryCompileExec2717785808.dir/build.make CMakeFiles/cmTryCompileExec2717785808.dir/build
make[1]: Entering directory `/home/michael/Dropbox/CSCI2961/lab5/CMakeFiles/CMakeTmp'
/usr/bin/cmake -E cmake_progress_report /home/michael/Dropbox/CSCI2961/lab5/CMakeFiles/CMakeTmp/CMakeFiles 1
Building C object CMakeFiles/cmTryCompileExec2717785808.dir/CheckFunctionExists.c.o
/usr/bin/cc   -DCHECK_FUNCTION_EXISTS=log   -o CMakeFiles/cmTryCompileExec2717785808.dir/CheckFunctionExists.c.o   -c /usr/share/cmake-2.8/Modules/CheckFunctionExists.c
<command-line>:0:23: warning: conflicting types for built-in function ‘log’ [enabled by default]
/usr/share/cmake-2.8/Modules/CheckFunctionExists.c:3:6: note: in expansion of macro ‘CHECK_FUNCTION_EXISTS’
 char CHECK_FUNCTION_EXISTS();
      ^
Linking C executable cmTryCompileExec2717785808
/usr/bin/cmake -E cmake_link_script CMakeFiles/cmTryCompileExec2717785808.dir/link.txt --verbose=1
/usr/bin/cc   -DCHECK_FUNCTION_EXISTS=log    CMakeFiles/cmTryCompileExec2717785808.dir/CheckFunctionExists.c.o  -o cmTryCompileExec2717785808 -rdynamic 
CMakeFiles/cmTryCompileExec2717785808.dir/CheckFunctionExists.c.o: In function `main':
CheckFunctionExists.c:(.text+0x15): undefined reference to `log'
collect2: error: ld returned 1 exit status
make[1]: Leaving directory `/home/michael/Dropbox/CSCI2961/lab5/CMakeFiles/CMakeTmp'
make[1]: *** [cmTryCompileExec2717785808] Error 1
make: *** [cmTryCompileExec2717785808/fast] Error 2


Determining if the function exp exists failed with the following output:
Change Dir: /home/michael/Dropbox/CSCI2961/lab5/CMakeFiles/CMakeTmp

Run Build Command:/usr/bin/make "cmTryCompileExec3083325386/fast"
/usr/bin/make -f CMakeFiles/cmTryCompileExec3083325386.dir/build.make CMakeFiles/cmTryCompileExec3083325386.dir/build
make[1]: Entering directory `/home/michael/Dropbox/CSCI2961/lab5/CMakeFiles/CMakeTmp'
/usr/bin/cmake -E cmake_progress_report /home/michael/Dropbox/CSCI2961/lab5/CMakeFiles/CMakeTmp/CMakeFiles 1
Building C object CMakeFiles/cmTryCompileExec3083325386.dir/CheckFunctionExists.c.o
/usr/bin/cc   -DCHECK_FUNCTION_EXISTS=exp   -o CMakeFiles/cmTryCompileExec3083325386.dir/CheckFunctionExists.c.o   -c /usr/share/cmake-2.8/Modules/CheckFunctionExists.c
<command-line>:0:23: warning: conflicting types for built-in function ‘exp’ [enabled by default]
/usr/share/cmake-2.8/Modules/CheckFunctionExists.c:3:6: note: in expansion of macro ‘CHECK_FUNCTION_EXISTS’
 char CHECK_FUNCTION_EXISTS();
      ^
Linking C executable cmTryCompileExec3083325386
/usr/bin/cmake -E cmake_link_script CMakeFiles/cmTryCompileExec3083325386.dir/link.txt --verbose=1
/usr/bin/cc   -DCHECK_FUNCTION_EXISTS=exp    CMakeFiles/cmTryCompileExec3083325386.dir/CheckFunctionExists.c.o  -o cmTryCompileExec3083325386 -rdynamic 
CMakeFiles/cmTryCompileExec3083325386.dir/CheckFunctionExists.c.o: In function `main':
CheckFunctionExists.c:(.text+0x15): undefined reference to `exp'
collect2: error: ld returned 1 exit status
make[1]: Leaving directory `/home/michael/Dropbox/CSCI2961/lab5/CMakeFiles/CMakeTmp'
make[1]: *** [cmTryCompileExec3083325386] Error 1
make: *** [cmTryCompileExec3083325386/fast] Error 2


